<sml:AggregateProcess xmlns:xlink="http://www.w3.org/1999/xlink" xmlns:sml="http://www.opengis.net/sensorml/2.0" xmlns:swe="http://www.opengis.net/swe/2.0" xmlns:gml="http://www.opengis.net/gml/3.2" xmlns:gco="http://www.isotc211.org/2005/gco" xmlns:gmd="http://www.isotc211.org/2005/gmd" gml:id="F1">
  <gml:identifier codeSpace="uid">0c58ed65-e63d-4d1e-9ef0-b7db0be3685c</gml:identifier>
  <sml:outputs>
    <sml:OutputList>
      <sml:output name="res">
        <swe:Quantity definition="http://sensorml.com/ont/swe/property/DN">
          <swe:uom xlink:href="http://sensorml.com/ont/swe/uom/Any"/>
        </swe:Quantity>
      </sml:output>
    </sml:OutputList>
  </sml:outputs>
  <sml:components>
    <sml:ComponentList>
      <sml:component name="source0">
        <sml:SimpleProcess gml:id="F2">
          <gml:identifier codeSpace="uid">urn:sensors:mysensor:001</gml:identifier>
          <sml:typeOf xlink:href="urn:osh:process:datasource:stream"/>
          <sml:configuration>
            <sml:Settings>
              <sml:setValue ref="parameters/producerURI">urn:sensors:mysensor:001</sml:setValue>
            </sml:Settings>
          </sml:configuration>
        </sml:SimpleProcess>
      </sml:component>
      <sml:component name="linearTransform">
        <sml:SimpleProcess gml:id="F3">
          <sml:typeOf xlink:href="http://sensors.ws/process/affineTransform1D"/>
          <sml:configuration>
            <sml:Settings>
              <sml:setValue ref="parameters/slope">5.0</sml:setValue>
              <sml:setValue ref="parameters/intercept">2.0</sml:setValue>
            </sml:Settings>
          </sml:configuration>
        </sml:SimpleProcess>
      </sml:component>
    </sml:ComponentList>
  </sml:components>
  <sml:connections>
    <sml:ConnectionList>
      <sml:connection>
        <sml:Link>
          <sml:source ref="components/source0/outputs/weather/press"/>
          <sml:destination ref="components/linearTransform/inputs/x"/>
        </sml:Link>
      </sml:connection>
      <sml:connection>
        <sml:Link>
          <sml:source ref="components/linearTransform/outputs/y"/>
          <sml:destination ref="outputs/res"/>
        </sml:Link>
      </sml:connection>
    </sml:ConnectionList>
  </sml:connections>
</sml:AggregateProcess>